[10:35:38] [Server thread/INFO]: Starting minecraft server version 1.15.2
[10:35:38] [Server thread/INFO]: Loading properties
[10:35:39] [Server thread/INFO]: This server is running CraftBukkit version git-Spigot-800b93f-8160e29 (MC: 1.15.2) (Implementing API version 1.15.2-R0.1-SNAPSHOT)
[10:35:39] [Server thread/INFO]: Debug logging is disabled
[10:35:39] [Server thread/INFO]: Server Ping Player Sample Count: 12
[10:35:39] [Server thread/INFO]: Using 4 threads for Netty based IO
[10:35:39] [Server thread/INFO]: Default game type: SURVIVAL
[10:35:39] [Server thread/INFO]: Generating keypair
[10:35:39] [Server thread/INFO]: Starting Minecraft server on *:25565
[10:35:39] [Server thread/INFO]: Using default channel type
[10:35:50] [Server thread/WARN]: Plugin dynmap v2.5-Dev201706100405 does not specify an api-version.
[10:35:50] [Server thread/WARN]: Plugin HealthBar v1.8.3 does not specify an api-version.
[10:35:50] [Server thread/ERROR]: Could not load 'plugins\AntiCheatReloaded.jar' in folder 'plugins'
org.bukkit.plugin.UnknownDependencyException: ProtocolLib
	at org.bukkit.plugin.SimplePluginManager.loadPlugins(SimplePluginManager.java:221) [spigot.jar:git-Spigot-800b93f-8160e29]
	at org.bukkit.craftbukkit.v1_15_R1.CraftServer.loadPlugins(CraftServer.java:351) [spigot.jar:git-Spigot-800b93f-8160e29]
	at net.minecraft.server.v1_15_R1.DedicatedServer.init(DedicatedServer.java:203) [spigot.jar:git-Spigot-800b93f-8160e29]
	at net.minecraft.server.v1_15_R1.MinecraftServer.run(MinecraftServer.java:784) [spigot.jar:git-Spigot-800b93f-8160e29]
	at java.lang.Thread.run(Unknown Source) [?:1.8.0_201]
[10:35:50] [Server thread/WARN]: Plugin TabDeathCount v0.1.4 does not specify an api-version.
[10:35:50] [Server thread/WARN]: Plugin PerWorldPlugins v1.3.0 does not specify an api-version.
[10:35:50] [Server thread/WARN]: Plugin Fly v2.0 does not specify an api-version.
[10:35:50] [Server thread/WARN]: Plugin MCRealTime v3.3 does not specify an api-version.
[10:35:50] [Server thread/WARN]: Plugin SetLobby v1.1 does not specify an api-version.
[10:35:51] [Server thread/WARN]: Plugin Sleepy v1.3b does not specify an api-version.
[10:35:52] [Server thread/INFO]: [dynmap] Loading dynmap v2.5-Dev201706100405
[10:35:52] [Server thread/INFO]: [dynmap] version=git-Spigot-800b93f-8160e29 (MC: 1.15.2)
[10:35:52] [Server thread/ERROR]: [dynmap] Unable to find field biome for org.bukkit.craftbukkit.v1_15_R1.CraftChunkSnapshot
[10:35:52] [Server thread/ERROR]: Error initializing dynmap - bukkit version incompatible! initializing dynmap v2.5-Dev201706100405 (Is it up to date?)
java.lang.IllegalArgumentException: Error initializing dynmap - bukkit version incompatible!
	at org.dynmap.bukkit.BukkitVersionHelperGeneric.<init>(BukkitVersionHelperGeneric.java:129) ~[?:?]
	at org.dynmap.bukkit.BukkitVersionHelperCB.<init>(BukkitVersionHelperCB.java:39) ~[?:?]
	at org.dynmap.bukkit.BukkitVersionHelper.getHelper(BukkitVersionHelper.java:42) ~[?:?]
	at org.dynmap.bukkit.DynmapPlugin.onLoad(DynmapPlugin.java:756) ~[?:?]
	at org.bukkit.craftbukkit.v1_15_R1.CraftServer.loadPlugins(CraftServer.java:356) [spigot.jar:git-Spigot-800b93f-8160e29]
	at net.minecraft.server.v1_15_R1.DedicatedServer.init(DedicatedServer.java:203) [spigot.jar:git-Spigot-800b93f-8160e29]
	at net.minecraft.server.v1_15_R1.MinecraftServer.run(MinecraftServer.java:784) [spigot.jar:git-Spigot-800b93f-8160e29]
	at java.lang.Thread.run(Unknown Source) [?:1.8.0_201]
[10:35:52] [Server thread/INFO]: [LuckPerms] Loading LuckPerms v5.0.72
[10:35:52] [Server thread/INFO]: [PluginConstructorAPI] Loading PluginConstructorAPI v1.0.52
[10:35:52] [Server thread/INFO]: [WorldEdit] Loading WorldEdit v7.1.0;8e55131
[10:35:53] [Server thread/INFO]: Got request to register class com.sk89q.worldedit.bukkit.BukkitServerInterface with WorldEdit [com.sk89q.worldedit.extension.platform.PlatformManager@313512c8]
[10:35:53] [Server thread/INFO]: [Timber] Loading Timber v1.0.7
[10:35:53] [Server thread/INFO]: [HealthBar] Loading HealthBar v1.8.3
[10:35:53] [Server thread/INFO]: [Essentials] Loading Essentials v2.17.2.0
[10:35:53] [Server thread/INFO]: [TabDeathCount] Loading TabDeathCount v0.1.4
[10:35:53] [Server thread/INFO]: [PerWorldPlugins] Loading PerWorldPlugins v1.3.0
[10:35:53] [Server thread/INFO]: [PerWorldPlugins] Registering event interceptor...
[10:35:53] [Server thread/INFO]: [Fly] Loading Fly v2.0
[10:35:53] [Server thread/INFO]: [PlugMan] Loading PlugMan v2.1.7
[10:35:53] [Server thread/INFO]: [MCRealTime] Loading MCRealTime v3.3
[10:35:53] [Server thread/INFO]: [PerWorldInventory] Loading PerWorldInventory v2.3.2
[10:35:53] [Server thread/INFO]: [SetLobby] Loading SetLobby v1.1
[10:35:53] [Server thread/INFO]: [HolographicDisplays] Loading HolographicDisplays v2.4.1
[10:35:53] [Server thread/INFO]: [Multiverse-Core] Loading Multiverse-Core v4.1.0-b775
[10:35:53] [Server thread/INFO]: [WorldGuard] Loading WorldGuard v7.0.2-SNAPSHOT;bf2593e
[10:35:53] [Server thread/INFO]: [Sleepy] Loading Sleepy v1.3b
[10:35:53] [Server thread/INFO]: [FastLeafDecay] Loading FastLeafDecay v1.0
[10:35:53] [Server thread/INFO]: [EssentialsChat] Loading EssentialsChat v2.17.2.0
[10:35:53] [Server thread/INFO]: [Multiverse-Portals] Loading Multiverse-Portals v4.1.0-b805
[10:35:53] [Server thread/INFO]: [GadgetsMenu] Loading GadgetsMenu v4.3.34
[10:35:53] [Server thread/INFO]: [DeadChest] Loading DeadChest v3.1
[10:35:53] [Server thread/INFO]: [Multiverse-NetherPortals] Loading Multiverse-NetherPortals v4.1.0-b763
[10:35:53] [Server thread/INFO]: [LuckPerms] Enabling LuckPerms v5.0.72
[10:35:53] [Server thread/WARN]: Enabled plugin with unregistered PluginClassLoader LuckPerms v5.0.72
[10:35:53] [Server thread/INFO]: [0;36;1m       [0;36;22m __    [m
[10:35:53] [Server thread/INFO]: [0;36;1m  |    [0;36;22m|__)   [0;32;22mLuckPerms [0;36;1mv5.0.72[m
[10:35:53] [Server thread/INFO]: [0;36;1m  |___ [0;36;22m|      [0;30;1mRunning on Bukkit - CraftBukkit[m
[10:35:53] [Server thread/INFO]: [m
[10:35:53] [Server thread/INFO]: [LuckPerms] Loading configuration...
[10:35:53] [Server thread/INFO]: [LuckPerms] Loading storage provider... [H2]
[10:35:54] [Server thread/INFO]: [LuckPerms] Loading internal permission managers...
[10:35:54] [Server thread/INFO]: [LuckPerms] Performing initial data load...
[10:35:54] [Server thread/INFO]: [LuckPerms] Successfully enabled. (took 1099ms)
[10:35:54] [Server thread/INFO]: [WorldEdit] Enabling WorldEdit v7.1.0;8e55131
[10:35:54] [Server thread/WARN]: Enabled plugin with unregistered PluginClassLoader WorldEdit v7.1.0;8e55131
[10:35:54] [Server thread/INFO]: WEPIF: Using the Bukkit Permissions API.
[10:35:54] [Server thread/INFO]: Using com.sk89q.worldedit.bukkit.adapter.impl.Spigot_v1_15_R2 as the Bukkit adapter
[10:35:55] [Server thread/WARN]: [WorldEdit] ====================================================
[10:35:55] [Server thread/WARN]: [WorldEdit]  WorldEdit works better if you use Paper 
[10:35:55] [Server thread/WARN]: [WorldEdit]  as your server software. 
[10:35:55] [Server thread/WARN]: [WorldEdit]   
[10:35:55] [Server thread/WARN]: [WorldEdit]  Paper offers significant performance improvements,
[10:35:55] [Server thread/WARN]: [WorldEdit]  bug fixes, security enhancements and optional
[10:35:55] [Server thread/WARN]: [WorldEdit]  features for server owners to enhance their server.
[10:35:55] [Server thread/WARN]: [WorldEdit]   
[10:35:55] [Server thread/WARN]: [WorldEdit]  Paper includes Timings v2, which is significantly
[10:35:55] [Server thread/WARN]: [WorldEdit]  better at diagnosing lag problems over v1.
[10:35:55] [Server thread/WARN]: [WorldEdit]   
[10:35:55] [Server thread/WARN]: [WorldEdit]  All of your plugins should still work, and the
[10:35:55] [Server thread/WARN]: [WorldEdit]  Paper community will gladly help you fix any issues.
[10:35:55] [Server thread/WARN]: [WorldEdit]   
[10:35:55] [Server thread/WARN]: [WorldEdit]  Join the Paper Community @ https://papermc.io
[10:35:55] [Server thread/WARN]: [WorldEdit] ====================================================
[10:35:55] [Server thread/WARN]: **** SERVER IS RUNNING IN OFFLINE/INSECURE MODE!
[10:35:55] [Server thread/WARN]: The server will make no attempt to authenticate usernames. Beware.
[10:35:55] [Server thread/WARN]: While this makes the game possible to play without internet access, it also opens up the ability for hackers to connect with any username they choose.
[10:35:55] [Server thread/WARN]: To change this, set "online-mode" to "true" in the server.properties file.
[10:35:55] [Server thread/INFO]: Preparing level "lobby"
[10:35:55] [Server thread/INFO]: Reloading ResourceManager: Default, bukkit
[10:35:56] [Server thread/INFO]: Loaded 6 recipes
[10:35:57] [Server thread/INFO]: -------- World Settings For [lobby] --------
[10:35:57] [Server thread/INFO]: View Distance: 10
[10:35:57] [Server thread/INFO]: Item Merge Radius: 2.5
[10:35:57] [Server thread/INFO]: Item Despawn Rate: 6000
[10:35:57] [Server thread/INFO]: Arrow Despawn Rate: 1200 Trident Respawn Rate:1200
[10:35:57] [Server thread/INFO]: Allow Zombie Pigmen to spawn from portal blocks: true
[10:35:57] [Server thread/INFO]: Zombie Aggressive Towards Villager: true
[10:35:57] [Server thread/INFO]: Max TNT Explosions: 100
[10:35:57] [Server thread/INFO]: Experience Merge Radius: 3.0
[10:35:57] [Server thread/INFO]: Entity Tracking Range: Pl 48 / An 48 / Mo 48 / Mi 32 / Other 64
[10:35:57] [Server thread/INFO]: Mob Spawn Range: 6
[10:35:57] [Server thread/INFO]: Cactus Growth Modifier: 100%
[10:35:57] [Server thread/INFO]: Cane Growth Modifier: 100%
[10:35:57] [Server thread/INFO]: Melon Growth Modifier: 100%
[10:35:57] [Server thread/INFO]: Mushroom Growth Modifier: 100%
[10:35:57] [Server thread/INFO]: Pumpkin Growth Modifier: 100%
[10:35:57] [Server thread/INFO]: Sapling Growth Modifier: 100%
[10:35:57] [Server thread/INFO]: Beetroot Growth Modifier: 100%
[10:35:57] [Server thread/INFO]: Carrot Growth Modifier: 100%
[10:35:57] [Server thread/INFO]: Potato Growth Modifier: 100%
[10:35:57] [Server thread/INFO]: Wheat Growth Modifier: 100%
[10:35:57] [Server thread/INFO]: NetherWart Growth Modifier: 100%
[10:35:57] [Server thread/INFO]: Vine Growth Modifier: 100%
[10:35:57] [Server thread/INFO]: Cocoa Growth Modifier: 100%
[10:35:57] [Server thread/INFO]: Bamboo Growth Modifier: 100%
[10:35:57] [Server thread/INFO]: SweetBerry Growth Modifier: 100%
[10:35:57] [Server thread/INFO]: Kelp Growth Modifier: 100%
[10:35:57] [Server thread/INFO]: Hopper Transfer: 8 Hopper Check: 1 Hopper Amount: 1
[10:35:57] [Server thread/INFO]: Entity Activation Range: An 32 / Mo 32 / Ra 48 / Mi 16 / Tiv true
[10:35:57] [Server thread/INFO]: Tile Max Tick Time: 50ms Entity max Tick Time: 50ms
[10:35:57] [Server thread/INFO]: Nerfing mobs spawned from spawners: false
[10:35:57] [Server thread/INFO]: Custom Map Seeds:  Village: 10387312 Desert: 14357617 Igloo: 14357618 Jungle: 14357619 Swamp: 14357620 Monument: 10387313Ocean: 14357621 Shipwreck: 165745295 Slime: 987234911
[10:35:57] [Server thread/INFO]: Registering commands with com.sk89q.worldedit.bukkit.BukkitServerInterface
[10:35:57] [Server thread/INFO]: -------- World Settings For [lobby_nether] --------
[10:35:57] [Server thread/INFO]: View Distance: 10
[10:35:57] [Server thread/INFO]: Item Merge Radius: 2.5
[10:35:57] [Server thread/INFO]: Item Despawn Rate: 6000
[10:35:57] [Server thread/INFO]: Arrow Despawn Rate: 1200 Trident Respawn Rate:1200
[10:35:57] [Server thread/INFO]: Allow Zombie Pigmen to spawn from portal blocks: true
[10:35:57] [Server thread/INFO]: Zombie Aggressive Towards Villager: true
[10:35:57] [Server thread/INFO]: Max TNT Explosions: 100
[10:35:57] [Server thread/INFO]: Experience Merge Radius: 3.0
[10:35:57] [Server thread/INFO]: Entity Tracking Range: Pl 48 / An 48 / Mo 48 / Mi 32 / Other 64
[10:35:57] [Server thread/INFO]: Mob Spawn Range: 6
[10:35:57] [Server thread/INFO]: Cactus Growth Modifier: 100%
[10:35:57] [Server thread/INFO]: Cane Growth Modifier: 100%
[10:35:57] [Server thread/INFO]: Melon Growth Modifier: 100%
[10:35:57] [Server thread/INFO]: Mushroom Growth Modifier: 100%
[10:35:57] [Server thread/INFO]: Pumpkin Growth Modifier: 100%
[10:35:57] [Server thread/INFO]: Sapling Growth Modifier: 100%
[10:35:57] [Server thread/INFO]: Beetroot Growth Modifier: 100%
[10:35:57] [Server thread/INFO]: Carrot Growth Modifier: 100%
[10:35:57] [Server thread/INFO]: Potato Growth Modifier: 100%
[10:35:57] [Server thread/INFO]: Wheat Growth Modifier: 100%
[10:35:57] [Server thread/INFO]: NetherWart Growth Modifier: 100%
[10:35:57] [Server thread/INFO]: Vine Growth Modifier: 100%
[10:35:57] [Server thread/INFO]: Cocoa Growth Modifier: 100%
[10:35:57] [Server thread/INFO]: Bamboo Growth Modifier: 100%
[10:35:57] [Server thread/INFO]: SweetBerry Growth Modifier: 100%
[10:35:57] [Server thread/INFO]: Kelp Growth Modifier: 100%
[10:35:57] [Server thread/INFO]: Hopper Transfer: 8 Hopper Check: 1 Hopper Amount: 1
[10:35:57] [Server thread/INFO]: Entity Activation Range: An 32 / Mo 32 / Ra 48 / Mi 16 / Tiv true
[10:35:57] [Server thread/INFO]: Tile Max Tick Time: 50ms Entity max Tick Time: 50ms
[10:35:57] [Server thread/INFO]: Nerfing mobs spawned from spawners: false
[10:35:57] [Server thread/INFO]: Custom Map Seeds:  Village: 10387312 Desert: 14357617 Igloo: 14357618 Jungle: 14357619 Swamp: 14357620 Monument: 10387313Ocean: 14357621 Shipwreck: 165745295 Slime: 987234911
[10:35:57] [Server thread/INFO]: -------- World Settings For [lobby_the_end] --------
[10:35:57] [Server thread/INFO]: View Distance: 10
[10:35:57] [Server thread/INFO]: Item Merge Radius: 2.5
[10:35:57] [Server thread/INFO]: Item Despawn Rate: 6000
[10:35:57] [Server thread/INFO]: Arrow Despawn Rate: 1200 Trident Respawn Rate:1200
[10:35:57] [Server thread/INFO]: Allow Zombie Pigmen to spawn from portal blocks: true
[10:35:57] [Server thread/INFO]: Zombie Aggressive Towards Villager: true
[10:35:57] [Server thread/INFO]: Max TNT Explosions: 100
[10:35:57] [Server thread/INFO]: Experience Merge Radius: 3.0
[10:35:57] [Server thread/INFO]: Entity Tracking Range: Pl 48 / An 48 / Mo 48 / Mi 32 / Other 64
[10:35:57] [Server thread/INFO]: Mob Spawn Range: 6
[10:35:57] [Server thread/INFO]: Cactus Growth Modifier: 100%
[10:35:57] [Server thread/INFO]: Cane Growth Modifier: 100%
[10:35:57] [Server thread/INFO]: Melon Growth Modifier: 100%
[10:35:57] [Server thread/INFO]: Mushroom Growth Modifier: 100%
[10:35:57] [Server thread/INFO]: Pumpkin Growth Modifier: 100%
[10:35:57] [Server thread/INFO]: Sapling Growth Modifier: 100%
[10:35:57] [Server thread/INFO]: Beetroot Growth Modifier: 100%
[10:35:57] [Server thread/INFO]: Carrot Growth Modifier: 100%
[10:35:57] [Server thread/INFO]: Potato Growth Modifier: 100%
[10:35:57] [Server thread/INFO]: Wheat Growth Modifier: 100%
[10:35:57] [Server thread/INFO]: NetherWart Growth Modifier: 100%
[10:35:57] [Server thread/INFO]: Vine Growth Modifier: 100%
[10:35:57] [Server thread/INFO]: Cocoa Growth Modifier: 100%
[10:35:57] [Server thread/INFO]: Bamboo Growth Modifier: 100%
[10:35:57] [Server thread/INFO]: SweetBerry Growth Modifier: 100%
[10:35:57] [Server thread/INFO]: Kelp Growth Modifier: 100%
[10:35:57] [Server thread/INFO]: Hopper Transfer: 8 Hopper Check: 1 Hopper Amount: 1
[10:35:57] [Server thread/INFO]: Entity Activation Range: An 32 / Mo 32 / Ra 48 / Mi 16 / Tiv true
[10:35:57] [Server thread/INFO]: Tile Max Tick Time: 50ms Entity max Tick Time: 50ms
[10:35:57] [Server thread/INFO]: Nerfing mobs spawned from spawners: false
[10:35:57] [Server thread/INFO]: Custom Map Seeds:  Village: 10387312 Desert: 14357617 Igloo: 14357618 Jungle: 14357619 Swamp: 14357620 Monument: 10387313Ocean: 14357621 Shipwreck: 165745295 Slime: 987234911
[10:35:57] [Server thread/INFO]: Preparing start region for dimension 'lobby'/minecraft:overworld
[10:35:59] [Server thread/INFO]: Preparing spawn area: 0%
[10:35:59] [Server thread/INFO]: Preparing spawn area: 0%
[10:35:59] [Server thread/INFO]: Preparing spawn area: 0%
[10:35:59] [Server thread/INFO]: Time elapsed: 1580 ms
[10:35:59] [Server thread/INFO]: Preparing start region for dimension 'lobby_nether'/minecraft:the_nether
[10:36:00] [Server thread/INFO]: Preparing spawn area: 0%
[10:36:00] [Server thread/INFO]: Preparing spawn area: 0%
[10:36:00] [Server thread/INFO]: Preparing spawn area: 2%
[10:36:01] [Server-Worker-4/INFO]: Preparing spawn area: 83%
[10:36:01] [Server-Worker-8/INFO]: Preparing spawn area: 83%
[10:36:02] [Server-Worker-1/INFO]: Preparing spawn area: 84%
[10:36:02] [Server-Worker-3/INFO]: Preparing spawn area: 90%
[10:36:03] [Server-Worker-1/INFO]: Preparing spawn area: 98%
[10:36:03] [Server thread/INFO]: Time elapsed: 3581 ms
[10:36:03] [Server thread/INFO]: Preparing start region for dimension 'lobby_the_end'/minecraft:the_end
[10:36:03] [Server thread/INFO]: Preparing spawn area: 0%
[10:36:03] [Server-Worker-3/INFO]: Preparing spawn area: 83%
[10:36:04] [Server thread/INFO]: Time elapsed: 999 ms
[10:36:04] [Server thread/INFO]: [dynmap] Enabling dynmap v2.5-Dev201706100405
[10:36:04] [Server thread/WARN]: Enabled plugin with unregistered PluginClassLoader dynmap v2.5-Dev201706100405
[10:36:04] [Server thread/INFO]: [dynmap] Dynmap is disabled (unsupported platform)
[10:36:04] [Server thread/INFO]: [PluginConstructorAPI] Enabling PluginConstructorAPI v1.0.52
[10:36:04] [Server thread/WARN]: Enabled plugin with unregistered PluginClassLoader PluginConstructorAPI v1.0.52
[10:36:04] [Server thread/INFO]: [Timber] Enabling Timber v1.0.7
[10:36:04] [Server thread/WARN]: Enabled plugin with unregistered PluginClassLoader Timber v1.0.7
[10:36:04] [Server thread/INFO]: Timber Log Materials: [DARK_OAK_LOG, ACACIA_LOG, JUNGLE_LOG, SPRUCE_LOG, OAK_LOG, BIRCH_LOG]
[10:36:04] [Server thread/INFO]: Timber Axe Materials: [IRON_AXE, WOODEN_AXE, DIAMOND_AXE, GOLDEN_AXE, STONE_AXE]
[10:36:04] [Server thread/INFO]: [HealthBar] Enabling HealthBar v1.8.3
[10:36:04] [Server thread/WARN]: Enabled plugin with unregistered PluginClassLoader HealthBar v1.8.3
[10:36:04] [Server thread/INFO]: [Essentials] Enabling Essentials v2.17.2.0
[10:36:04] [Server thread/WARN]: Enabled plugin with unregistered PluginClassLoader Essentials v2.17.2.0
[10:36:04] [Server thread/INFO]: Attempting to convert old kits in config.yml to new kits.yml
[10:36:04] [Server thread/INFO]: No kits found to migrate.
[10:36:04] [Server thread/INFO]: [Essentials] Using 1.8.3+ BlockStateMeta provider as mob spawner provider.
[10:36:04] [Server thread/INFO]: [Essentials] Using 1.13+ flat spawn egg provider as spawn egg provider.
[10:36:05] [Server thread/INFO]: [Essentials] Using 1.9+ BasePotionData provider as potion meta provider.
[10:36:05] [Server thread/INFO]: Loaded 21018 items from items.json.
[10:36:05] [Server thread/INFO]: Using locale en_GB
[10:36:05] [Server thread/INFO]: [Essentials] ServerListPingEvent: Spigot iterator API
[10:36:05] [Server thread/INFO]: [Essentials] Starting Metrics. Opt-out using the global bStats config.
[10:36:05] [Server thread/WARN]: [Essentials] Detected supported permissions plugin LuckPerms without Vault installed.
[10:36:05] [Server thread/WARN]: [Essentials] Features such as chat prefixes/suffixes and group-related functionality will not work until you install Vault.
[10:36:05] [Server thread/INFO]: [Essentials] Using superperms-based permissions.
[10:36:05] [Server thread/INFO]: [TabDeathCount] Enabling TabDeathCount v0.1.4
[10:36:05] [Server thread/WARN]: Enabled plugin with unregistered PluginClassLoader TabDeathCount v0.1.4
[10:36:05] [Server thread/ERROR]: Error occurred while enabling TabDeathCount v0.1.4 (Is it up to date?)
java.lang.NoSuchMethodError: org.bukkit.Server.getOnlinePlayers()[Lorg/bukkit/entity/Player;
	at io.github.brkalmar.bukkit.tabdeathcount.TabDeathCount.reloadConfig(TabDeathCount.java:79) ~[?:?]
	at org.bukkit.plugin.java.JavaPlugin.getConfig(JavaPlugin.java:133) ~[spigot.jar:git-Spigot-800b93f-8160e29]
	at io.github.brkalmar.bukkit.tabdeathcount.TabDeathCount.loadVerifyConfig(TabDeathCount.java:125) ~[?:?]
	at io.github.brkalmar.bukkit.tabdeathcount.TabDeathCount.onEnable(TabDeathCount.java:50) ~[?:?]
	at org.bukkit.plugin.java.JavaPlugin.setEnabled(JavaPlugin.java:263) ~[spigot.jar:git-Spigot-800b93f-8160e29]
	at org.bukkit.plugin.java.JavaPluginLoader.enablePlugin(JavaPluginLoader.java:352) [spigot.jar:git-Spigot-800b93f-8160e29]
	at me.incomprehendable.dev.pwp.transparentlisteners.PerWorldPluginLoader.enablePlugin(PerWorldPluginLoader.java:141) [PerWorldPlugins.jar:?]
	at org.bukkit.plugin.SimplePluginManager.enablePlugin(SimplePluginManager.java:417) [spigot.jar:git-Spigot-800b93f-8160e29]
	at org.bukkit.craftbukkit.v1_15_R1.CraftServer.enablePlugin(CraftServer.java:462) [spigot.jar:git-Spigot-800b93f-8160e29]
	at org.bukkit.craftbukkit.v1_15_R1.CraftServer.enablePlugins(CraftServer.java:376) [spigot.jar:git-Spigot-800b93f-8160e29]
	at net.minecraft.server.v1_15_R1.MinecraftServer.a(MinecraftServer.java:457) [spigot.jar:git-Spigot-800b93f-8160e29]
	at net.minecraft.server.v1_15_R1.DedicatedServer.init(DedicatedServer.java:267) [spigot.jar:git-Spigot-800b93f-8160e29]
	at net.minecraft.server.v1_15_R1.MinecraftServer.run(MinecraftServer.java:784) [spigot.jar:git-Spigot-800b93f-8160e29]
	at java.lang.Thread.run(Unknown Source) [?:1.8.0_201]
[10:36:05] [Server thread/INFO]: [PerWorldPlugins] Enabling PerWorldPlugins v1.3.0
[10:36:05] [Server thread/WARN]: Enabled plugin with unregistered PluginClassLoader PerWorldPlugins v1.3.0
[10:36:05] [Server thread/INFO]: [PerWorldPlugins] Enabled, attempting to inject CommandHandler...
[10:36:05] [Server thread/ERROR]: PerWorldPlugins failed replacing the existing PluginLoader, contact the developers on BukkitDev!
java.lang.IllegalArgumentException: Can not set final org.bukkit.craftbukkit.v1_15_R1.command.CraftCommandMap field org.bukkit.craftbukkit.v1_15_R1.CraftServer.commandMap to me.incomprehendable.dev.pwp.FakeSimpleCommandMap
	at sun.reflect.UnsafeFieldAccessorImpl.throwSetIllegalArgumentException(Unknown Source) ~[?:1.8.0_201]
	at sun.reflect.UnsafeFieldAccessorImpl.throwSetIllegalArgumentException(Unknown Source) ~[?:1.8.0_201]
	at sun.reflect.UnsafeQualifiedObjectFieldAccessorImpl.set(Unknown Source) ~[?:1.8.0_201]
	at java.lang.reflect.Field.set(Unknown Source) ~[?:1.8.0_201]
	at me.incomprehendable.dev.pwp.PerWorldPlugins.onEnable(PerWorldPlugins.java:123) [PerWorldPlugins.jar:?]
	at org.bukkit.plugin.java.JavaPlugin.setEnabled(JavaPlugin.java:263) [spigot.jar:git-Spigot-800b93f-8160e29]
	at org.bukkit.plugin.java.JavaPluginLoader.enablePlugin(JavaPluginLoader.java:352) [spigot.jar:git-Spigot-800b93f-8160e29]
	at me.incomprehendable.dev.pwp.transparentlisteners.PerWorldPluginLoader.enablePlugin(PerWorldPluginLoader.java:141) [PerWorldPlugins.jar:?]
	at org.bukkit.plugin.SimplePluginManager.enablePlugin(SimplePluginManager.java:417) [spigot.jar:git-Spigot-800b93f-8160e29]
	at org.bukkit.craftbukkit.v1_15_R1.CraftServer.enablePlugin(CraftServer.java:462) [spigot.jar:git-Spigot-800b93f-8160e29]
	at org.bukkit.craftbukkit.v1_15_R1.CraftServer.enablePlugins(CraftServer.java:376) [spigot.jar:git-Spigot-800b93f-8160e29]
	at net.minecraft.server.v1_15_R1.MinecraftServer.a(MinecraftServer.java:457) [spigot.jar:git-Spigot-800b93f-8160e29]
	at net.minecraft.server.v1_15_R1.DedicatedServer.init(DedicatedServer.java:267) [spigot.jar:git-Spigot-800b93f-8160e29]
	at net.minecraft.server.v1_15_R1.MinecraftServer.run(MinecraftServer.java:784) [spigot.jar:git-Spigot-800b93f-8160e29]
	at java.lang.Thread.run(Unknown Source) [?:1.8.0_201]
[10:36:05] [Server thread/INFO]: [Fly] Enabling Fly v2.0
[10:36:05] [Server thread/WARN]: Enabled plugin with unregistered PluginClassLoader Fly v2.0
[10:36:05] [Server thread/INFO]: [Fly] Plugin is starting up
[10:36:05] [Server thread/INFO]: [PlugMan] Enabling PlugMan v2.1.7
[10:36:05] [Server thread/WARN]: Enabled plugin with unregistered PluginClassLoader PlugMan v2.1.7
[10:36:05] [Server thread/INFO]: [MCRealTime] Enabling MCRealTime v3.3
[10:36:05] [Server thread/WARN]: Enabled plugin with unregistered PluginClassLoader MCRealTime v3.3
[10:36:05] [Server thread/INFO]: §2TimeServer started !
[10:36:05] [Server thread/INFO]: [PerWorldInventory] Enabling PerWorldInventory v2.3.2
[10:36:05] [Server thread/WARN]: Enabled plugin with unregistered PluginClassLoader PerWorldInventory v2.3.2
[10:36:06] [Server thread/INFO]: [SetLobby] Enabling SetLobby v1.1
[10:36:06] [Server thread/WARN]: Enabled plugin with unregistered PluginClassLoader SetLobby v1.1
[10:36:06] [Server thread/INFO]: [HolographicDisplays] Enabling HolographicDisplays v2.4.1
[10:36:06] [Server thread/WARN]: Enabled plugin with unregistered PluginClassLoader HolographicDisplays v2.4.1
[10:36:06] [Server thread/INFO]: [Multiverse-Core] Enabling Multiverse-Core v4.1.0-b775
[10:36:06] [Server thread/WARN]: Enabled plugin with unregistered PluginClassLoader Multiverse-Core v4.1.0-b775
[10:36:06] [Server thread/WARN]: [Multiverse-Core] "Multiverse-Core v4.1.0-b775" has registered a listener for org.bukkit.event.entity.EntityCreatePortalEvent on method "public void com.onarandombox.MultiverseCore.listeners.MVPortalListener.entityPortalCreate(org.bukkit.event.entity.EntityCreatePortalEvent)", but the event is Deprecated. "Server performance will be affected"; please notify the authors [Rigby, fernferret, lithium3141, main--, dumptruckman].
[10:36:06] [Server thread/INFO]: [Multiverse-Core] We are aware of the warning about the deprecated event. There is no alternative that allows us to do what we need to do. The performance impact is negligible.
[10:36:07] [Server thread/INFO]: -------- World Settings For [survival_nether] --------
[10:36:07] [Server thread/INFO]: View Distance: 10
[10:36:07] [Server thread/INFO]: Item Merge Radius: 2.5
[10:36:07] [Server thread/INFO]: Item Despawn Rate: 6000
[10:36:07] [Server thread/INFO]: Arrow Despawn Rate: 1200 Trident Respawn Rate:1200
[10:36:07] [Server thread/INFO]: Allow Zombie Pigmen to spawn from portal blocks: true
[10:36:07] [Server thread/INFO]: Zombie Aggressive Towards Villager: true
[10:36:07] [Server thread/INFO]: Max TNT Explosions: 100
[10:36:07] [Server thread/INFO]: Experience Merge Radius: 3.0
[10:36:07] [Server thread/INFO]: Entity Tracking Range: Pl 48 / An 48 / Mo 48 / Mi 32 / Other 64
[10:36:07] [Server thread/INFO]: Mob Spawn Range: 6
[10:36:07] [Server thread/INFO]: Cactus Growth Modifier: 100%
[10:36:07] [Server thread/INFO]: Cane Growth Modifier: 100%
[10:36:07] [Server thread/INFO]: Melon Growth Modifier: 100%
[10:36:07] [Server thread/INFO]: Mushroom Growth Modifier: 100%
[10:36:07] [Server thread/INFO]: Pumpkin Growth Modifier: 100%
[10:36:07] [Server thread/INFO]: Sapling Growth Modifier: 100%
[10:36:07] [Server thread/INFO]: Beetroot Growth Modifier: 100%
[10:36:07] [Server thread/INFO]: Carrot Growth Modifier: 100%
[10:36:07] [Server thread/INFO]: Potato Growth Modifier: 100%
[10:36:07] [Server thread/INFO]: Wheat Growth Modifier: 100%
[10:36:07] [Server thread/INFO]: NetherWart Growth Modifier: 100%
[10:36:07] [Server thread/INFO]: Vine Growth Modifier: 100%
[10:36:07] [Server thread/INFO]: Cocoa Growth Modifier: 100%
[10:36:07] [Server thread/INFO]: Bamboo Growth Modifier: 100%
[10:36:07] [Server thread/INFO]: SweetBerry Growth Modifier: 100%
[10:36:07] [Server thread/INFO]: Kelp Growth Modifier: 100%
[10:36:07] [Server thread/INFO]: Hopper Transfer: 8 Hopper Check: 1 Hopper Amount: 1
[10:36:07] [Server thread/INFO]: Entity Activation Range: An 32 / Mo 32 / Ra 48 / Mi 16 / Tiv true
[10:36:07] [Server thread/INFO]: Tile Max Tick Time: 50ms Entity max Tick Time: 50ms
[10:36:07] [Server thread/INFO]: Nerfing mobs spawned from spawners: false
[10:36:07] [Server thread/INFO]: Custom Map Seeds:  Village: 10387312 Desert: 14357617 Igloo: 14357618 Jungle: 14357619 Swamp: 14357620 Monument: 10387313Ocean: 14357621 Shipwreck: 165745295 Slime: 987234911
[10:36:07] [Server thread/INFO]: Preparing start region for dimension 'survival_nether'/minecraft:the_nether
[10:36:08] [Server thread/INFO]: Preparing spawn area: 0%
[10:36:08] [Server thread/INFO]: Preparing spawn area: 0%
[10:36:08] [Server thread/INFO]: Preparing spawn area: 0%
[10:36:08] [Server thread/INFO]: Preparing spawn area: 0%
[10:36:09] [Server thread/INFO]: Time elapsed: 1970 ms
[10:36:09] [Server thread/INFO]: -------- World Settings For [world] --------
[10:36:09] [Server thread/INFO]: View Distance: 10
[10:36:09] [Server thread/INFO]: Item Merge Radius: 2.5
[10:36:09] [Server thread/INFO]: Item Despawn Rate: 6000
[10:36:09] [Server thread/INFO]: Arrow Despawn Rate: 1200 Trident Respawn Rate:1200
[10:36:09] [Server thread/INFO]: Allow Zombie Pigmen to spawn from portal blocks: true
[10:36:09] [Server thread/INFO]: Zombie Aggressive Towards Villager: true
[10:36:09] [Server thread/INFO]: Max TNT Explosions: 100
[10:36:09] [Server thread/INFO]: Experience Merge Radius: 3.0
[10:36:09] [Server thread/INFO]: Entity Tracking Range: Pl 48 / An 48 / Mo 48 / Mi 32 / Other 64
[10:36:09] [Server thread/INFO]: Mob Spawn Range: 6
[10:36:09] [Server thread/INFO]: Cactus Growth Modifier: 100%
[10:36:09] [Server thread/INFO]: Cane Growth Modifier: 100%
[10:36:09] [Server thread/INFO]: Melon Growth Modifier: 100%
[10:36:09] [Server thread/INFO]: Mushroom Growth Modifier: 100%
[10:36:09] [Server thread/INFO]: Pumpkin Growth Modifier: 100%
[10:36:09] [Server thread/INFO]: Sapling Growth Modifier: 100%
[10:36:09] [Server thread/INFO]: Beetroot Growth Modifier: 100%
[10:36:09] [Server thread/INFO]: Carrot Growth Modifier: 100%
[10:36:09] [Server thread/INFO]: Potato Growth Modifier: 100%
[10:36:09] [Server thread/INFO]: Wheat Growth Modifier: 100%
[10:36:09] [Server thread/INFO]: NetherWart Growth Modifier: 100%
[10:36:09] [Server thread/INFO]: Vine Growth Modifier: 100%
[10:36:09] [Server thread/INFO]: Cocoa Growth Modifier: 100%
[10:36:09] [Server thread/INFO]: Bamboo Growth Modifier: 100%
[10:36:09] [Server thread/INFO]: SweetBerry Growth Modifier: 100%
[10:36:09] [Server thread/INFO]: Kelp Growth Modifier: 100%
[10:36:09] [Server thread/INFO]: Hopper Transfer: 8 Hopper Check: 1 Hopper Amount: 1
[10:36:09] [Server thread/INFO]: Entity Activation Range: An 32 / Mo 32 / Ra 48 / Mi 16 / Tiv true
[10:36:09] [Server thread/INFO]: Tile Max Tick Time: 50ms Entity max Tick Time: 50ms
[10:36:09] [Server thread/INFO]: Nerfing mobs spawned from spawners: false
[10:36:09] [Server thread/INFO]: Custom Map Seeds:  Village: 10387312 Desert: 14357617 Igloo: 14357618 Jungle: 14357619 Swamp: 14357620 Monument: 10387313Ocean: 14357621 Shipwreck: 165745295 Slime: 987234911
[10:36:09] [Server thread/INFO]: Preparing start region for dimension 'world'/minecraft:overworld
[10:36:10] [Server thread/INFO]: Preparing spawn area: 0%
[10:36:10] [Server thread/INFO]: Preparing spawn area: 0%
[10:36:10] [Server thread/INFO]: Preparing spawn area: 0%
[10:36:14] [Server-Worker-1/INFO]: Preparing spawn area: 83%
[10:36:14] [Server-Worker-6/INFO]: Preparing spawn area: 83%
[10:36:14] [Server-Worker-1/INFO]: Preparing spawn area: 83%
[10:36:14] [Server-Worker-8/INFO]: Preparing spawn area: 83%
[10:36:14] [Server-Worker-9/INFO]: Preparing spawn area: 83%
[10:36:14] [Server-Worker-1/INFO]: Preparing spawn area: 83%
[10:36:14] [Server-Worker-4/INFO]: Preparing spawn area: 83%
[10:36:14] [Server-Worker-1/INFO]: Preparing spawn area: 83%
[10:36:14] [Server-Worker-4/INFO]: Preparing spawn area: 99%
[10:36:14] [Server thread/INFO]: Time elapsed: 5541 ms
[10:36:14] [Server thread/INFO]: -------- World Settings For [world_the_end] --------
[10:36:14] [Server thread/INFO]: View Distance: 10
[10:36:14] [Server thread/INFO]: Item Merge Radius: 2.5
[10:36:14] [Server thread/INFO]: Item Despawn Rate: 6000
[10:36:14] [Server thread/INFO]: Arrow Despawn Rate: 1200 Trident Respawn Rate:1200
[10:36:14] [Server thread/INFO]: Allow Zombie Pigmen to spawn from portal blocks: true
[10:36:14] [Server thread/INFO]: Zombie Aggressive Towards Villager: true
[10:36:14] [Server thread/INFO]: Max TNT Explosions: 100
[10:36:14] [Server thread/INFO]: Experience Merge Radius: 3.0
[10:36:14] [Server thread/INFO]: Entity Tracking Range: Pl 48 / An 48 / Mo 48 / Mi 32 / Other 64
[10:36:14] [Server thread/INFO]: Mob Spawn Range: 6
[10:36:14] [Server thread/INFO]: Cactus Growth Modifier: 100%
[10:36:14] [Server thread/INFO]: Cane Growth Modifier: 100%
[10:36:14] [Server thread/INFO]: Melon Growth Modifier: 100%
[10:36:14] [Server thread/INFO]: Mushroom Growth Modifier: 100%
[10:36:14] [Server thread/INFO]: Pumpkin Growth Modifier: 100%
[10:36:14] [Server thread/INFO]: Sapling Growth Modifier: 100%
[10:36:14] [Server thread/INFO]: Beetroot Growth Modifier: 100%
[10:36:14] [Server thread/INFO]: Carrot Growth Modifier: 100%
[10:36:14] [Server thread/INFO]: Potato Growth Modifier: 100%
[10:36:14] [Server thread/INFO]: Wheat Growth Modifier: 100%
[10:36:14] [Server thread/INFO]: NetherWart Growth Modifier: 100%
[10:36:14] [Server thread/INFO]: Vine Growth Modifier: 100%
[10:36:14] [Server thread/INFO]: Cocoa Growth Modifier: 100%
[10:36:14] [Server thread/INFO]: Bamboo Growth Modifier: 100%
[10:36:14] [Server thread/INFO]: SweetBerry Growth Modifier: 100%
[10:36:14] [Server thread/INFO]: Kelp Growth Modifier: 100%
[10:36:14] [Server thread/INFO]: Hopper Transfer: 8 Hopper Check: 1 Hopper Amount: 1
[10:36:14] [Server thread/INFO]: Entity Activation Range: An 32 / Mo 32 / Ra 48 / Mi 16 / Tiv true
[10:36:14] [Server thread/INFO]: Tile Max Tick Time: 50ms Entity max Tick Time: 50ms
[10:36:14] [Server thread/INFO]: Nerfing mobs spawned from spawners: false
[10:36:14] [Server thread/INFO]: Custom Map Seeds:  Village: 10387312 Desert: 14357617 Igloo: 14357618 Jungle: 14357619 Swamp: 14357620 Monument: 10387313Ocean: 14357621 Shipwreck: 165745295 Slime: 987234911
[10:36:14] [Server thread/INFO]: Preparing start region for dimension 'world_the_end'/minecraft:the_end
[10:36:15] [Server thread/INFO]: Preparing spawn area: 0%
[10:36:15] [Server thread/INFO]: Preparing spawn area: 0%
[10:36:16] [Server thread/INFO]: Time elapsed: 1076 ms
[10:36:16] [Server thread/INFO]: -------- World Settings For [world_nether] --------
[10:36:16] [Server thread/INFO]: View Distance: 10
[10:36:16] [Server thread/INFO]: Item Merge Radius: 2.5
[10:36:16] [Server thread/INFO]: Item Despawn Rate: 6000
[10:36:16] [Server thread/INFO]: Arrow Despawn Rate: 1200 Trident Respawn Rate:1200
[10:36:16] [Server thread/INFO]: Allow Zombie Pigmen to spawn from portal blocks: true
[10:36:16] [Server thread/INFO]: Zombie Aggressive Towards Villager: true
[10:36:16] [Server thread/INFO]: Max TNT Explosions: 100
[10:36:16] [Server thread/INFO]: Experience Merge Radius: 3.0
[10:36:16] [Server thread/INFO]: Entity Tracking Range: Pl 48 / An 48 / Mo 48 / Mi 32 / Other 64
[10:36:16] [Server thread/INFO]: Mob Spawn Range: 6
[10:36:16] [Server thread/INFO]: Cactus Growth Modifier: 100%
[10:36:16] [Server thread/INFO]: Cane Growth Modifier: 100%
[10:36:16] [Server thread/INFO]: Melon Growth Modifier: 100%
[10:36:16] [Server thread/INFO]: Mushroom Growth Modifier: 100%
[10:36:16] [Server thread/INFO]: Pumpkin Growth Modifier: 100%
[10:36:16] [Server thread/INFO]: Sapling Growth Modifier: 100%
[10:36:16] [Server thread/INFO]: Beetroot Growth Modifier: 100%
[10:36:16] [Server thread/INFO]: Carrot Growth Modifier: 100%
[10:36:16] [Server thread/INFO]: Potato Growth Modifier: 100%
[10:36:16] [Server thread/INFO]: Wheat Growth Modifier: 100%
[10:36:16] [Server thread/INFO]: NetherWart Growth Modifier: 100%
[10:36:16] [Server thread/INFO]: Vine Growth Modifier: 100%
[10:36:16] [Server thread/INFO]: Cocoa Growth Modifier: 100%
[10:36:16] [Server thread/INFO]: Bamboo Growth Modifier: 100%
[10:36:16] [Server thread/INFO]: SweetBerry Growth Modifier: 100%
[10:36:16] [Server thread/INFO]: Kelp Growth Modifier: 100%
[10:36:16] [Server thread/INFO]: Hopper Transfer: 8 Hopper Check: 1 Hopper Amount: 1
[10:36:16] [Server thread/INFO]: Entity Activation Range: An 32 / Mo 32 / Ra 48 / Mi 16 / Tiv true
[10:36:16] [Server thread/INFO]: Tile Max Tick Time: 50ms Entity max Tick Time: 50ms
[10:36:16] [Server thread/INFO]: Nerfing mobs spawned from spawners: false
[10:36:16] [Server thread/INFO]: Custom Map Seeds:  Village: 10387312 Desert: 14357617 Igloo: 14357618 Jungle: 14357619 Swamp: 14357620 Monument: 10387313Ocean: 14357621 Shipwreck: 165745295 Slime: 987234911
[10:36:16] [Server thread/INFO]: Preparing start region for dimension 'world_nether'/minecraft:the_nether
[10:36:17] [Server thread/INFO]: Preparing spawn area: 0%
[10:36:17] [Server thread/INFO]: Preparing spawn area: 0%
[10:36:17] [Server thread/INFO]: Preparing spawn area: 0%
[10:36:17] [Server-Worker-2/INFO]: Preparing spawn area: 95%
[10:36:18] [Server thread/INFO]: Time elapsed: 1877 ms
[10:36:18] [Server thread/INFO]: -------- World Settings For [smrkovec] --------
[10:36:18] [Server thread/INFO]: View Distance: 10
[10:36:18] [Server thread/INFO]: Item Merge Radius: 2.5
[10:36:18] [Server thread/INFO]: Item Despawn Rate: 6000
[10:36:18] [Server thread/INFO]: Arrow Despawn Rate: 1200 Trident Respawn Rate:1200
[10:36:18] [Server thread/INFO]: Allow Zombie Pigmen to spawn from portal blocks: true
[10:36:18] [Server thread/INFO]: Zombie Aggressive Towards Villager: true
[10:36:18] [Server thread/INFO]: Max TNT Explosions: 100
[10:36:18] [Server thread/INFO]: Experience Merge Radius: 3.0
[10:36:18] [Server thread/INFO]: Entity Tracking Range: Pl 48 / An 48 / Mo 48 / Mi 32 / Other 64
[10:36:18] [Server thread/INFO]: Mob Spawn Range: 6
[10:36:18] [Server thread/INFO]: Cactus Growth Modifier: 100%
[10:36:18] [Server thread/INFO]: Cane Growth Modifier: 100%
[10:36:18] [Server thread/INFO]: Melon Growth Modifier: 100%
[10:36:18] [Server thread/INFO]: Mushroom Growth Modifier: 100%
[10:36:18] [Server thread/INFO]: Pumpkin Growth Modifier: 100%
[10:36:18] [Server thread/INFO]: Sapling Growth Modifier: 100%
[10:36:18] [Server thread/INFO]: Beetroot Growth Modifier: 100%
[10:36:18] [Server thread/INFO]: Carrot Growth Modifier: 100%
[10:36:18] [Server thread/INFO]: Potato Growth Modifier: 100%
[10:36:18] [Server thread/INFO]: Wheat Growth Modifier: 100%
[10:36:18] [Server thread/INFO]: NetherWart Growth Modifier: 100%
[10:36:18] [Server thread/INFO]: Vine Growth Modifier: 100%
[10:36:18] [Server thread/INFO]: Cocoa Growth Modifier: 100%
[10:36:18] [Server thread/INFO]: Bamboo Growth Modifier: 100%
[10:36:18] [Server thread/INFO]: SweetBerry Growth Modifier: 100%
[10:36:18] [Server thread/INFO]: Kelp Growth Modifier: 100%
[10:36:18] [Server thread/INFO]: Hopper Transfer: 8 Hopper Check: 1 Hopper Amount: 1
[10:36:18] [Server thread/INFO]: Entity Activation Range: An 32 / Mo 32 / Ra 48 / Mi 16 / Tiv true
[10:36:18] [Server thread/INFO]: Tile Max Tick Time: 50ms Entity max Tick Time: 50ms
[10:36:18] [Server thread/INFO]: Nerfing mobs spawned from spawners: false
[10:36:18] [Server thread/INFO]: Custom Map Seeds:  Village: 10387312 Desert: 14357617 Igloo: 14357618 Jungle: 14357619 Swamp: 14357620 Monument: 10387313Ocean: 14357621 Shipwreck: 165745295 Slime: 987234911
[10:36:18] [Server thread/INFO]: Preparing start region for dimension 'smrkovec'/minecraft:overworld
[10:36:18] [Server thread/INFO]: Preparing spawn area: 0%
[10:36:18] [Server thread/INFO]: Preparing spawn area: 0%
[10:36:22] [Server-Worker-3/INFO]: Preparing spawn area: 83%
[10:36:22] [Server-Worker-9/INFO]: Preparing spawn area: 83%
[10:36:22] [Server-Worker-3/INFO]: Preparing spawn area: 83%
[10:36:22] [Server-Worker-3/INFO]: Preparing spawn area: 83%
[10:36:22] [Server-Worker-4/INFO]: Preparing spawn area: 83%
[10:36:22] [Server-Worker-2/INFO]: Preparing spawn area: 83%
[10:36:22] [Server-Worker-9/INFO]: Preparing spawn area: 83%
[10:36:22] [Server thread/INFO]: Preparing spawn area: 83%
[10:36:22] [Server thread/INFO]: Time elapsed: 4722 ms
[10:36:22] [Server thread/INFO]: -------- World Settings For [survival] --------
[10:36:22] [Server thread/INFO]: View Distance: 10
[10:36:22] [Server thread/INFO]: Item Merge Radius: 2.5
[10:36:22] [Server thread/INFO]: Item Despawn Rate: 6000
[10:36:22] [Server thread/INFO]: Arrow Despawn Rate: 1200 Trident Respawn Rate:1200
[10:36:22] [Server thread/INFO]: Allow Zombie Pigmen to spawn from portal blocks: true
[10:36:22] [Server thread/INFO]: Zombie Aggressive Towards Villager: true
[10:36:22] [Server thread/INFO]: Max TNT Explosions: 100
[10:36:22] [Server thread/INFO]: Experience Merge Radius: 3.0
[10:36:22] [Server thread/INFO]: Entity Tracking Range: Pl 48 / An 48 / Mo 48 / Mi 32 / Other 64
[10:36:22] [Server thread/INFO]: Mob Spawn Range: 6
[10:36:22] [Server thread/INFO]: Cactus Growth Modifier: 100%
[10:36:22] [Server thread/INFO]: Cane Growth Modifier: 100%
[10:36:22] [Server thread/INFO]: Melon Growth Modifier: 100%
[10:36:22] [Server thread/INFO]: Mushroom Growth Modifier: 100%
[10:36:22] [Server thread/INFO]: Pumpkin Growth Modifier: 100%
[10:36:22] [Server thread/INFO]: Sapling Growth Modifier: 100%
[10:36:22] [Server thread/INFO]: Beetroot Growth Modifier: 100%
[10:36:22] [Server thread/INFO]: Carrot Growth Modifier: 100%
[10:36:22] [Server thread/INFO]: Potato Growth Modifier: 100%
[10:36:22] [Server thread/INFO]: Wheat Growth Modifier: 100%
[10:36:22] [Server thread/INFO]: NetherWart Growth Modifier: 100%
[10:36:22] [Server thread/INFO]: Vine Growth Modifier: 100%
[10:36:22] [Server thread/INFO]: Cocoa Growth Modifier: 100%
[10:36:22] [Server thread/INFO]: Bamboo Growth Modifier: 100%
[10:36:22] [Server thread/INFO]: SweetBerry Growth Modifier: 100%
[10:36:22] [Server thread/INFO]: Kelp Growth Modifier: 100%
[10:36:22] [Server thread/INFO]: Hopper Transfer: 8 Hopper Check: 1 Hopper Amount: 1
[10:36:22] [Server thread/INFO]: Entity Activation Range: An 32 / Mo 32 / Ra 48 / Mi 16 / Tiv true
[10:36:22] [Server thread/INFO]: Tile Max Tick Time: 50ms Entity max Tick Time: 50ms
[10:36:22] [Server thread/INFO]: Nerfing mobs spawned from spawners: false
[10:36:22] [Server thread/INFO]: Custom Map Seeds:  Village: 10387312 Desert: 14357617 Igloo: 14357618 Jungle: 14357619 Swamp: 14357620 Monument: 10387313Ocean: 14357621 Shipwreck: 165745295 Slime: 987234911
[10:36:22] [Server thread/INFO]: Preparing start region for dimension 'survival'/minecraft:overworld
[10:36:23] [Server thread/INFO]: Preparing spawn area: 0%
[10:36:23] [Server thread/INFO]: Preparing spawn area: 0%
[10:36:23] [Server thread/INFO]: Preparing spawn area: 97%
[10:36:24] [Server thread/INFO]: Time elapsed: 1161 ms
[10:36:24] [Server thread/INFO]: -------- World Settings For [survival_the_end] --------
[10:36:24] [Server thread/INFO]: View Distance: 10
[10:36:24] [Server thread/INFO]: Item Merge Radius: 2.5
[10:36:24] [Server thread/INFO]: Item Despawn Rate: 6000
[10:36:24] [Server thread/INFO]: Arrow Despawn Rate: 1200 Trident Respawn Rate:1200
[10:36:24] [Server thread/INFO]: Allow Zombie Pigmen to spawn from portal blocks: true
[10:36:24] [Server thread/INFO]: Zombie Aggressive Towards Villager: true
[10:36:24] [Server thread/INFO]: Max TNT Explosions: 100
[10:36:24] [Server thread/INFO]: Experience Merge Radius: 3.0
[10:36:24] [Server thread/INFO]: Entity Tracking Range: Pl 48 / An 48 / Mo 48 / Mi 32 / Other 64
[10:36:24] [Server thread/INFO]: Mob Spawn Range: 6
[10:36:24] [Server thread/INFO]: Cactus Growth Modifier: 100%
[10:36:24] [Server thread/INFO]: Cane Growth Modifier: 100%
[10:36:24] [Server thread/INFO]: Melon Growth Modifier: 100%
[10:36:24] [Server thread/INFO]: Mushroom Growth Modifier: 100%
[10:36:24] [Server thread/INFO]: Pumpkin Growth Modifier: 100%
[10:36:24] [Server thread/INFO]: Sapling Growth Modifier: 100%
[10:36:24] [Server thread/INFO]: Beetroot Growth Modifier: 100%
[10:36:24] [Server thread/INFO]: Carrot Growth Modifier: 100%
[10:36:24] [Server thread/INFO]: Potato Growth Modifier: 100%
[10:36:24] [Server thread/INFO]: Wheat Growth Modifier: 100%
[10:36:24] [Server thread/INFO]: NetherWart Growth Modifier: 100%
[10:36:24] [Server thread/INFO]: Vine Growth Modifier: 100%
[10:36:24] [Server thread/INFO]: Cocoa Growth Modifier: 100%
[10:36:24] [Server thread/INFO]: Bamboo Growth Modifier: 100%
[10:36:24] [Server thread/INFO]: SweetBerry Growth Modifier: 100%
[10:36:24] [Server thread/INFO]: Kelp Growth Modifier: 100%
[10:36:24] [Server thread/INFO]: Hopper Transfer: 8 Hopper Check: 1 Hopper Amount: 1
[10:36:24] [Server thread/INFO]: Entity Activation Range: An 32 / Mo 32 / Ra 48 / Mi 16 / Tiv true
[10:36:24] [Server thread/INFO]: Tile Max Tick Time: 50ms Entity max Tick Time: 50ms
[10:36:24] [Server thread/INFO]: Nerfing mobs spawned from spawners: false
[10:36:24] [Server thread/INFO]: Custom Map Seeds:  Village: 10387312 Desert: 14357617 Igloo: 14357618 Jungle: 14357619 Swamp: 14357620 Monument: 10387313Ocean: 14357621 Shipwreck: 165745295 Slime: 987234911
[10:36:24] [Server thread/INFO]: Preparing start region for dimension 'survival_the_end'/minecraft:the_end
[10:36:24] [Server thread/INFO]: Preparing spawn area: 0%
[10:36:24] [Server-Worker-8/INFO]: Preparing spawn area: 86%
[10:36:24] [Server thread/INFO]: Time elapsed: 676 ms
[10:36:24] [Server thread/INFO]: -------- World Settings For [creative] --------
[10:36:24] [Server thread/INFO]: View Distance: 10
[10:36:24] [Server thread/INFO]: Item Merge Radius: 2.5
[10:36:24] [Server thread/INFO]: Item Despawn Rate: 6000
[10:36:24] [Server thread/INFO]: Arrow Despawn Rate: 1200 Trident Respawn Rate:1200
[10:36:24] [Server thread/INFO]: Allow Zombie Pigmen to spawn from portal blocks: true
[10:36:24] [Server thread/INFO]: Zombie Aggressive Towards Villager: true
[10:36:24] [Server thread/INFO]: Max TNT Explosions: 100
[10:36:24] [Server thread/INFO]: Experience Merge Radius: 3.0
[10:36:24] [Server thread/INFO]: Entity Tracking Range: Pl 48 / An 48 / Mo 48 / Mi 32 / Other 64
[10:36:24] [Server thread/INFO]: Mob Spawn Range: 6
[10:36:24] [Server thread/INFO]: Cactus Growth Modifier: 100%
[10:36:24] [Server thread/INFO]: Cane Growth Modifier: 100%
[10:36:24] [Server thread/INFO]: Melon Growth Modifier: 100%
[10:36:24] [Server thread/INFO]: Mushroom Growth Modifier: 100%
[10:36:24] [Server thread/INFO]: Pumpkin Growth Modifier: 100%
[10:36:24] [Server thread/INFO]: Sapling Growth Modifier: 100%
[10:36:24] [Server thread/INFO]: Beetroot Growth Modifier: 100%
[10:36:24] [Server thread/INFO]: Carrot Growth Modifier: 100%
[10:36:24] [Server thread/INFO]: Potato Growth Modifier: 100%
[10:36:24] [Server thread/INFO]: Wheat Growth Modifier: 100%
[10:36:24] [Server thread/INFO]: NetherWart Growth Modifier: 100%
[10:36:24] [Server thread/INFO]: Vine Growth Modifier: 100%
[10:36:24] [Server thread/INFO]: Cocoa Growth Modifier: 100%
[10:36:24] [Server thread/INFO]: Bamboo Growth Modifier: 100%
[10:36:24] [Server thread/INFO]: SweetBerry Growth Modifier: 100%
[10:36:24] [Server thread/INFO]: Kelp Growth Modifier: 100%
[10:36:24] [Server thread/INFO]: Hopper Transfer: 8 Hopper Check: 1 Hopper Amount: 1
[10:36:24] [Server thread/INFO]: Entity Activation Range: An 32 / Mo 32 / Ra 48 / Mi 16 / Tiv true
[10:36:24] [Server thread/INFO]: Tile Max Tick Time: 50ms Entity max Tick Time: 50ms
[10:36:24] [Server thread/INFO]: Nerfing mobs spawned from spawners: false
[10:36:24] [Server thread/INFO]: Custom Map Seeds:  Village: 10387312 Desert: 14357617 Igloo: 14357618 Jungle: 14357619 Swamp: 14357620 Monument: 10387313Ocean: 14357621 Shipwreck: 165745295 Slime: 987234911
[10:36:24] [Server thread/INFO]: Preparing start region for dimension 'creative'/minecraft:overworld
[10:36:25] [Server thread/INFO]: Preparing spawn area: 0%
[10:36:25] [Server thread/INFO]: Preparing spawn area: 43%
[10:36:25] [Server thread/INFO]: Time elapsed: 665 ms
[10:36:25] [Server thread/INFO]: -------- World Settings For [lobbyp] --------
[10:36:25] [Server thread/INFO]: View Distance: 10
[10:36:25] [Server thread/INFO]: Item Merge Radius: 2.5
[10:36:25] [Server thread/INFO]: Item Despawn Rate: 6000
[10:36:25] [Server thread/INFO]: Arrow Despawn Rate: 1200 Trident Respawn Rate:1200
[10:36:25] [Server thread/INFO]: Allow Zombie Pigmen to spawn from portal blocks: true
[10:36:25] [Server thread/INFO]: Zombie Aggressive Towards Villager: true
[10:36:25] [Server thread/INFO]: Max TNT Explosions: 100
[10:36:25] [Server thread/INFO]: Experience Merge Radius: 3.0
[10:36:25] [Server thread/INFO]: Entity Tracking Range: Pl 48 / An 48 / Mo 48 / Mi 32 / Other 64
[10:36:25] [Server thread/INFO]: Mob Spawn Range: 6
[10:36:25] [Server thread/INFO]: Cactus Growth Modifier: 100%
[10:36:25] [Server thread/INFO]: Cane Growth Modifier: 100%
[10:36:25] [Server thread/INFO]: Melon Growth Modifier: 100%
[10:36:25] [Server thread/INFO]: Mushroom Growth Modifier: 100%
[10:36:25] [Server thread/INFO]: Pumpkin Growth Modifier: 100%
[10:36:25] [Server thread/INFO]: Sapling Growth Modifier: 100%
[10:36:25] [Server thread/INFO]: Beetroot Growth Modifier: 100%
[10:36:25] [Server thread/INFO]: Carrot Growth Modifier: 100%
[10:36:25] [Server thread/INFO]: Potato Growth Modifier: 100%
[10:36:25] [Server thread/INFO]: Wheat Growth Modifier: 100%
[10:36:25] [Server thread/INFO]: NetherWart Growth Modifier: 100%
[10:36:25] [Server thread/INFO]: Vine Growth Modifier: 100%
[10:36:25] [Server thread/INFO]: Cocoa Growth Modifier: 100%
[10:36:25] [Server thread/INFO]: Bamboo Growth Modifier: 100%
[10:36:25] [Server thread/INFO]: SweetBerry Growth Modifier: 100%
[10:36:25] [Server thread/INFO]: Kelp Growth Modifier: 100%
[10:36:25] [Server thread/INFO]: Hopper Transfer: 8 Hopper Check: 1 Hopper Amount: 1
[10:36:25] [Server thread/INFO]: Entity Activation Range: An 32 / Mo 32 / Ra 48 / Mi 16 / Tiv true
[10:36:25] [Server thread/INFO]: Tile Max Tick Time: 50ms Entity max Tick Time: 50ms
[10:36:25] [Server thread/INFO]: Nerfing mobs spawned from spawners: false
[10:36:25] [Server thread/INFO]: Custom Map Seeds:  Village: 10387312 Desert: 14357617 Igloo: 14357618 Jungle: 14357619 Swamp: 14357620 Monument: 10387313Ocean: 14357621 Shipwreck: 165745295 Slime: 987234911
[10:36:25] [Server thread/INFO]: Preparing start region for dimension 'lobbyp'/minecraft:overworld
[10:36:26] [Server thread/INFO]: Preparing spawn area: 0%
[10:36:26] [Server thread/INFO]: Preparing spawn area: 0%
[10:36:26] [Server thread/INFO]: Time elapsed: 1093 ms
[10:36:26] [Server thread/INFO]: [Multiverse-Core] 12 - World(s) loaded.
[10:36:27] [Server thread/INFO]: [Multiverse-Core] Version 4.1.0-b775 (API v24) Enabled - By Rigby, fernferret, lithium3141, main-- and dumptruckman
[10:36:27] [Server thread/INFO]: [Multiverse-Core] Help dumptruckman keep this project alive. Become a patron! https://www.patreon.com/dumptruckman
[10:36:27] [Server thread/INFO]: [Multiverse-Core] One time donations are also appreciated: https://www.paypal.me/dumptruckman
[10:36:27] [Server thread/INFO]: [WorldGuard] Enabling WorldGuard v7.0.2-SNAPSHOT;bf2593e
[10:36:27] [Server thread/WARN]: Enabled plugin with unregistered PluginClassLoader WorldGuard v7.0.2-SNAPSHOT;bf2593e
[10:36:28] [Server thread/INFO]: [WorldGuard] (lobby) TNT ignition is PERMITTED.
[10:36:28] [Server thread/INFO]: [WorldGuard] (lobby) Lighters are PERMITTED.
[10:36:28] [Server thread/INFO]: [WorldGuard] (lobby) Lava fire is PERMITTED.
[10:36:28] [Server thread/INFO]: [WorldGuard] (lobby) Fire spread is UNRESTRICTED.
[10:36:28] [Server thread/INFO]: [WorldGuard] Loaded configuration for world 'lobby'
[10:36:28] [Server thread/INFO]: [WorldGuard] (lobby_nether) TNT ignition is PERMITTED.
[10:36:28] [Server thread/INFO]: [WorldGuard] (lobby_nether) Lighters are PERMITTED.
[10:36:28] [Server thread/INFO]: [WorldGuard] (lobby_nether) Lava fire is PERMITTED.
[10:36:28] [Server thread/INFO]: [WorldGuard] (lobby_nether) Fire spread is UNRESTRICTED.
[10:36:28] [Server thread/INFO]: [WorldGuard] Loaded configuration for world 'lobby_nether'
[10:36:28] [Server thread/INFO]: [WorldGuard] (lobby_the_end) TNT ignition is PERMITTED.
[10:36:28] [Server thread/INFO]: [WorldGuard] (lobby_the_end) Lighters are PERMITTED.
[10:36:28] [Server thread/INFO]: [WorldGuard] (lobby_the_end) Lava fire is PERMITTED.
[10:36:28] [Server thread/INFO]: [WorldGuard] (lobby_the_end) Fire spread is UNRESTRICTED.
[10:36:28] [Server thread/INFO]: [WorldGuard] Loaded configuration for world 'lobby_the_end'
[10:36:28] [Server thread/INFO]: [WorldGuard] (survival_nether) TNT ignition is PERMITTED.
[10:36:28] [Server thread/INFO]: [WorldGuard] (survival_nether) Lighters are PERMITTED.
[10:36:28] [Server thread/INFO]: [WorldGuard] (survival_nether) Lava fire is PERMITTED.
[10:36:28] [Server thread/INFO]: [WorldGuard] (survival_nether) Fire spread is UNRESTRICTED.
[10:36:28] [Server thread/INFO]: [WorldGuard] Loaded configuration for world 'survival_nether'
[10:36:28] [Server thread/INFO]: [WorldGuard] (world) TNT ignition is PERMITTED.
[10:36:28] [Server thread/INFO]: [WorldGuard] (world) Lighters are PERMITTED.
[10:36:28] [Server thread/INFO]: [WorldGuard] (world) Lava fire is PERMITTED.
[10:36:28] [Server thread/INFO]: [WorldGuard] (world) Fire spread is UNRESTRICTED.
[10:36:28] [Server thread/INFO]: [WorldGuard] Loaded configuration for world 'world'
[10:36:28] [Server thread/INFO]: [WorldGuard] (world_the_end) TNT ignition is PERMITTED.
[10:36:28] [Server thread/INFO]: [WorldGuard] (world_the_end) Lighters are PERMITTED.
[10:36:28] [Server thread/INFO]: [WorldGuard] (world_the_end) Lava fire is PERMITTED.
[10:36:28] [Server thread/INFO]: [WorldGuard] (world_the_end) Fire spread is UNRESTRICTED.
[10:36:28] [Server thread/INFO]: [WorldGuard] Loaded configuration for world 'world_the_end'
[10:36:28] [Server thread/INFO]: [WorldGuard] (world_nether) TNT ignition is PERMITTED.
[10:36:28] [Server thread/INFO]: [WorldGuard] (world_nether) Lighters are PERMITTED.
[10:36:28] [Server thread/INFO]: [WorldGuard] (world_nether) Lava fire is PERMITTED.
[10:36:28] [Server thread/INFO]: [WorldGuard] (world_nether) Fire spread is UNRESTRICTED.
[10:36:28] [Server thread/INFO]: [WorldGuard] Loaded configuration for world 'world_nether'
[10:36:28] [Server thread/INFO]: [WorldGuard] (smrkovec) TNT ignition is PERMITTED.
[10:36:28] [Server thread/INFO]: [WorldGuard] (smrkovec) Lighters are PERMITTED.
[10:36:28] [Server thread/INFO]: [WorldGuard] (smrkovec) Lava fire is PERMITTED.
[10:36:28] [Server thread/INFO]: [WorldGuard] (smrkovec) Fire spread is UNRESTRICTED.
[10:36:28] [Server thread/INFO]: [WorldGuard] Loaded configuration for world 'smrkovec'
[10:36:28] [Server thread/INFO]: [WorldGuard] (survival) TNT ignition is PERMITTED.
[10:36:28] [Server thread/INFO]: [WorldGuard] (survival) Lighters are PERMITTED.
[10:36:28] [Server thread/INFO]: [WorldGuard] (survival) Lava fire is PERMITTED.
[10:36:28] [Server thread/INFO]: [WorldGuard] (survival) Fire spread is UNRESTRICTED.
[10:36:28] [Server thread/INFO]: [WorldGuard] Loaded configuration for world 'survival'
[10:36:28] [Server thread/INFO]: [WorldGuard] (survival_the_end) TNT ignition is PERMITTED.
[10:36:28] [Server thread/INFO]: [WorldGuard] (survival_the_end) Lighters are PERMITTED.
[10:36:28] [Server thread/INFO]: [WorldGuard] (survival_the_end) Lava fire is PERMITTED.
[10:36:28] [Server thread/INFO]: [WorldGuard] (survival_the_end) Fire spread is UNRESTRICTED.
[10:36:28] [Server thread/INFO]: [WorldGuard] Loaded configuration for world 'survival_the_end'
[10:36:28] [Server thread/INFO]: [WorldGuard] (creative) TNT ignition is PERMITTED.
[10:36:28] [Server thread/INFO]: [WorldGuard] (creative) Lighters are PERMITTED.
[10:36:28] [Server thread/INFO]: [WorldGuard] (creative) Lava fire is PERMITTED.
[10:36:28] [Server thread/INFO]: [WorldGuard] (creative) Fire spread is UNRESTRICTED.
[10:36:28] [Server thread/INFO]: [WorldGuard] Loaded configuration for world 'creative'
[10:36:28] [Server thread/INFO]: [WorldGuard] (lobbyp) TNT ignition is PERMITTED.
[10:36:28] [Server thread/INFO]: [WorldGuard] (lobbyp) Lighters are PERMITTED.
[10:36:28] [Server thread/INFO]: [WorldGuard] (lobbyp) Lava fire is PERMITTED.
[10:36:28] [Server thread/INFO]: [WorldGuard] (lobbyp) Fire spread is UNRESTRICTED.
[10:36:28] [Server thread/INFO]: [WorldGuard] Loaded configuration for world 'lobbyp'
[10:36:28] [Server thread/INFO]: [WorldGuard] Loading region data...
[10:36:28] [Server thread/INFO]: [Sleepy] Enabling Sleepy v1.3b
[10:36:28] [Server thread/WARN]: Enabled plugin with unregistered PluginClassLoader Sleepy v1.3b
[10:36:28] [Server thread/INFO]: [FastLeafDecay] Enabling FastLeafDecay v1.0
[10:36:28] [Server thread/WARN]: Enabled plugin with unregistered PluginClassLoader FastLeafDecay v1.0
[10:36:28] [Server thread/INFO]: [EssentialsChat] Enabling EssentialsChat v2.17.2.0
[10:36:28] [Server thread/WARN]: Enabled plugin with unregistered PluginClassLoader EssentialsChat v2.17.2.0
[10:36:28] [Server thread/INFO]: [Multiverse-Portals] Enabling Multiverse-Portals v4.1.0-b805
[10:36:28] [Server thread/WARN]: Enabled plugin with unregistered PluginClassLoader Multiverse-Portals v4.1.0-b805
[10:36:28] [Server thread/INFO]: [Multiverse-Portals] 10 - Portals(s) loaded
[10:36:29] [Server thread/INFO]: [Multiverse-Portals] Found WorldEdit. Using it for selections.
[10:36:29] [Server thread/INFO]: [Multiverse-Portals 4.1.0-b805]  Enabled - By Rigby and fernferret
[10:36:29] [Server thread/INFO]: [GadgetsMenu] Enabling GadgetsMenu v4.3.34
[10:36:29] [Server thread/WARN]: Enabled plugin with unregistered PluginClassLoader GadgetsMenu v4.3.34
[10:36:29] [Server thread/INFO]: [GadgetsMenu] ------------------------------------------------------
[10:36:29] [Server thread/INFO]: [GadgetsMenu]            GadgetsMenu 4.3.34 is loading...
[10:36:29] [Server thread/INFO]: [GadgetsMenu]   [server: git-Spigot-800b93f-8160e29 (MC: 1.15.2)]
[10:36:29] [Server thread/INFO]: [GadgetsMenu]                Plugin by Yap Zhen Yie.
[10:36:29] [Server thread/INFO]: [GadgetsMenu]              Date Modified: 11 April 2020
[10:36:29] [Server thread/INFO]: [GadgetsMenu]                            
[10:36:29] [Server thread/INFO]: [GadgetsMenu]              Initializing module v1_15_R1
[10:36:29] [Server thread/INFO]: [GadgetsMenu] ------------------------------------------------------
[10:36:34] [Server thread/INFO]: [GadgetsMenu] Connecting to SQLite database...
[10:36:34] [Server thread/INFO]: [GadgetsMenu] Successfully connected to SQLite database.
[10:36:34] [Server thread/INFO]: [DeadChest] Enabling DeadChest v3.1
[10:36:34] [Server thread/WARN]: Enabled plugin with unregistered PluginClassLoader DeadChest v3.1
[10:36:34] [Server thread/INFO]: [Multiverse-NetherPortals] Enabling Multiverse-NetherPortals v4.1.0-b763
[10:36:34] [Server thread/WARN]: Enabled plugin with unregistered PluginClassLoader Multiverse-NetherPortals v4.1.0-b763
[10:36:34] [Server thread/INFO]: [Multiverse-NetherPortals 4.1.0-b763]  Enabled - By Rigby and fernferret
[10:36:35] [Server thread/INFO]: Server permissions file permissions.yml is empty, ignoring it
[10:36:35] [Server thread/INFO]: Done (40.352s)! For help, type "help"
[10:36:36] [Craft Scheduler Thread - 3/INFO]: [GadgetsMenu] [mChecking for updates...[m
[10:36:36] [Craft Scheduler Thread - 3/INFO]: [GadgetsMenu] [mYou have an old version of the plugin. You are using [0;33;1m4.3.34[m, available version [0;33;1m4.3.38[m.  [0;36;1m[21m*MINOR UPDATE*[m
[11:06:46] [User Authenticator #1/INFO]: UUID of player adam_skrr is 07b5407f-9eb6-3a9c-936a-cdbae45b9ad6
[11:06:48] [Server thread/INFO]: adam_skrr[/25.130.9.170:60342] logged in with entity id 358 at ([survival]296.14385935430835, 66.0, 1007.1512801960891)
[11:08:04] [Server thread/INFO]: adam_skrr |||||||||| has made the advancement [Bring Home the Beacon]
[11:10:40] [Server thread/INFO]: adam_skrr issued server command: /home
[11:14:39] [Server thread/INFO]: adam_skrr issued server command: /home
[11:14:47] [Server thread/INFO]: Enough players are sleeping, waking everybody up![m
[11:17:50] [Server thread/INFO]: adam_skrr lost connection: Disconnected
[11:17:50] [Server thread/INFO]: adam_skrr left the game
[11:43:10] [User Authenticator #2/INFO]: UUID of player adam_skrr is 07b5407f-9eb6-3a9c-936a-cdbae45b9ad6
[11:43:11] [Server thread/INFO]: adam_skrr[/25.130.9.170:60647] logged in with entity id 2651 at ([survival]-365.52833885696225, 69.0, -208.4529641564697)
[11:43:25] [Server thread/INFO]: adam_skrr issued server command: /home
[11:43:25] [Server thread/WARN]: adam_skrr moved too quickly! 4.95380635150633,-4.0,-26.200578647317712
[11:45:02] [Server thread/INFO]: Enough players are sleeping, waking everybody up![m
[11:48:34] [Server thread/INFO]: adam_skrr lost connection: Disconnected
[11:48:35] [Server thread/INFO]: adam_skrr left the game
[11:53:08] [User Authenticator #3/INFO]: UUID of player adam_skrr is 07b5407f-9eb6-3a9c-936a-cdbae45b9ad6
[11:53:08] [Server thread/INFO]: adam_skrr[/25.130.9.170:60716] logged in with entity id 3722 at ([survival]-550.3943914152927, 11.0, -738.5856550611588)
[11:55:39] [Server thread/INFO]: Enough players are sleeping, waking everybody up![m
[12:15:03] [User Authenticator #4/INFO]: UUID of player MydadfailNNN is 8dacf9b3-c2be-3c28-9582-ed53c5f0a23c
[12:15:04] [Server thread/INFO]: MydadfailNNN[/25.129.162.161:60304] logged in with entity id 6853 at ([creative]-169.00337463670274, 42.0, -158.07499998807907)
[12:15:22] [Server thread/INFO]: MydadfailNNN issued server command: /lobby
[12:15:22] [Server thread/WARN]: [PerWorldInventory] Creating a new group on the fly for 'creative'. Please double check your `worlds.yml` file configuration!
[12:15:22] [Server thread/WARN]: [PerWorldInventory] Creating a new group on the fly for 'lobby'. Please double check your `worlds.yml` file configuration!
[12:15:38] [Server thread/INFO]: MydadfailNNN lost connection: Disconnected
[12:15:38] [Server thread/INFO]: MydadfailNNN left the game
[12:16:42] [User Authenticator #5/INFO]: UUID of player Ciki5000 is c8145881-397f-35d0-82c8-03a2c59284bf
[12:16:42] [Server thread/INFO]: Ciki5000[/0:0:0:0:0:0:0:1:15373] logged in with entity id 7062 at ([lobby]164.5, 1.0, 71.5)
[12:16:42] [pool-14-thread-1/INFO]: Creating empty config: F:\Minecraft\gtmcraft\plugins\Essentials\userdata\c8145881-397f-35d0-82c8-03a2c59284bf.yml
[12:18:55] [Server thread/WARN]: [PerWorldInventory] Creating a new group on the fly for 'lobbyp'. Please double check your `worlds.yml` file configuration!
[12:19:56] [Server thread/INFO]: Ciki5000 issued server command: /mvtp smrkovec
[12:20:50] [Server thread/INFO]: Ciki5000 lost connection: Disconnected
[12:20:50] [Server thread/INFO]: Ciki5000 left the game
[12:32:45] [Server thread/INFO]: Made MydadfailNNN a server operator
[12:47:45] [User Authenticator #6/INFO]: UUID of player MydadfailNNN is 8dacf9b3-c2be-3c28-9582-ed53c5f0a23c
[12:47:46] [Server thread/INFO]: MydadfailNNN[/25.129.162.161:60743] logged in with entity id 10777 at ([lobby]186.87929441299994, 23.038758486484923, 58.80137290440461)
[12:48:05] [User Authenticator #7/INFO]: UUID of player Ciki5000 is c8145881-397f-35d0-82c8-03a2c59284bf
[12:48:05] [Server thread/INFO]: Ciki5000[/0:0:0:0:0:0:0:1:17219] logged in with entity id 10810 at ([lobby]149.09658294810907, 10.0, 77.37343659519433)
[12:48:16] [Server thread/INFO]: MydadfailNNN issued server command: /mvtp smrkovec
[12:48:17] [Server thread/WARN]: [PerWorldInventory] Creating a new group on the fly for 'smrkovec'. Please double check your `worlds.yml` file configuration!
[12:48:18] [Server thread/WARN]: Ciki5000 moved too quickly! 9.257644363513123,-1.2522033402537254,6.3750238954562946
[12:48:31] [Server thread/INFO]: MydadfailNNN issued server command: /tp Ciki5000 MydadfailNNN
[12:48:56] [Async Chat Thread - #0/INFO]: [[0;37;1m[0;37;1m][m<Ciki5000[m> ok[m
[12:49:08] [Async Chat Thread - #0/INFO]: [[0;37;1m[0;37;1m][m<[0;31;22mAlwin[m> zatím nemá op[m
[12:49:18] [Async Chat Thread - #0/INFO]: [[0;37;1m[0;37;1m][m<[0;31;22mAlwin[m> take t? musím teleportovat[m
[12:49:26] [Async Chat Thread - #0/INFO]: [[0;37;1m[0;37;1m][m<[0;31;22mAlwin[m> ale pak udelá portál[m
[12:49:38] [Server thread/INFO]: MydadfailNNN has made the advancement [Monster Hunter]
[12:49:51] [Server thread/INFO]: MydadfailNNN issued server command: /gamemode creative
[12:50:03] [Server thread/INFO]: MydadfailNNN issued server command: /gamemode survival
[12:50:10] [Async Chat Thread - #0/INFO]: [[0;37;1m[0;37;1m][m<Ciki5000[m> teleportni nas do ereboru pls[m
[12:50:41] [Async Chat Thread - #0/INFO]: [[0;37;1m[0;37;1m][m<[0;31;22mAlwin[m> sou?adnice[m
[12:50:45] [Async Chat Thread - #0/INFO]: [[0;37;1m[0;37;1m][m<[0;31;22mAlwin[m> pls[m
[12:51:04] [Server thread/INFO]: MydadfailNNN issued server command: /tp Ciki5000 -550 90 -2350
[12:51:10] [Server thread/INFO]: MydadfailNNN issued server command: /tp MydadfailNNN -550 90 -2350
[12:51:12] [Async Chat Thread - #0/INFO]: [[0;37;1m[0;37;1m][m<Ciki5000[m> nice[m
[12:51:17] [Async Chat Thread - #0/INFO]: [[0;37;1m[0;37;1m][m<Ciki5000[m> vidim[m
[12:51:47] [Async Chat Thread - #0/INFO]: [[0;37;1m[0;37;1m][m<[0;31;22mAlwin[m> funguje ve ?[m
[12:51:50] [Async Chat Thread - #0/INFO]: [[0;37;1m[0;37;1m][m<Ciki5000[m> ani ender chesta neni[m
[12:52:00] [Async Chat Thread - #0/INFO]: [[0;37;1m[0;37;1m][m<[0;31;22mAlwin[m> to dává smysl[m
[12:52:13] [Async Chat Thread - #0/INFO]: [[0;37;1m[0;37;1m][m<[0;31;22mAlwin[m> zapni aternso[m
[12:52:20] [Async Chat Thread - #0/INFO]: [[0;37;1m[0;37;1m][m<[0;31;22mAlwin[m> a dáme v?ci do chestek[m
[12:52:27] [Async Chat Thread - #0/INFO]: [[0;37;1m[0;37;1m][m<[0;31;22mAlwin[m> a pak to tam dá znocu[m
[12:52:52] [Async Chat Thread - #0/INFO]: [[0;37;1m[0;37;1m][m<Ciki5000[m> ale tohle funguje[m
[12:52:56] [Async Chat Thread - #0/INFO]: [[0;37;1m[0;37;1m][m<[0;31;22mAlwin[m> to bude[m
[12:52:58] [Async Chat Thread - #0/INFO]: [[0;37;1msurvival[0;37;1m][m<Filipuv_bratr[m> kdo jecikiy[m
[12:53:05] [Async Chat Thread - #0/INFO]: [[0;37;1m[0;37;1m][m<Ciki5000[m> ja[m
[12:53:06] [Async Chat Thread - #0/INFO]: [[0;37;1m[0;37;1m][m<[0;31;22mAlwin[m> m?j kamo[m
[12:53:11] [Async Chat Thread - #0/INFO]: [[0;37;1m[0;37;1m][m<[0;31;22mAlwin[m> nezajímej se[m
[12:53:46] [Server thread/INFO]: MydadfailNNN lost connection: Disconnected
[12:53:46] [Server thread/INFO]: MydadfailNNN left the game
[12:54:13] [Server thread/INFO]: adam_skrr lost connection: Disconnected
[12:54:13] [Server thread/INFO]: adam_skrr left the game
[12:54:56] [Server thread/INFO]: Ciki5000 lost connection: Disconnected
[12:54:56] [Server thread/INFO]: Ciki5000 left the game
[12:57:37] [User Authenticator #8/INFO]: UUID of player adam_skrr is 07b5407f-9eb6-3a9c-936a-cdbae45b9ad6
[12:57:37] [Server thread/INFO]: adam_skrr[/25.130.9.170:54764] logged in with entity id 13932 at ([survival]-869.0642156362761, 11.0, -482.55865265991474)
[13:38:35] [Server thread/INFO]: adam_skrr issued server command: /home
[13:46:08] [Server thread/INFO]: Enough players are sleeping, waking everybody up![m
[13:49:19] [Server thread/INFO]: adam_skrr issued server command: /home
[13:49:19] [Server thread/WARN]: adam_skrr moved too quickly! -34.34981549535365,-6.0,-73.17694148733202
[13:57:24] [Server thread/INFO]: Enough players are sleeping, waking everybody up![m
[14:06:06] [Server thread/WARN]: ????????     moved wrongly!
[14:10:11] [Server thread/INFO]: Enough players are sleeping, waking everybody up![m
[14:10:57] [Server thread/WARN]: ?????????   moved wrongly!
[14:21:04] [Server thread/INFO]: Enough players are sleeping, waking everybody up![m
[14:24:15] [Server thread/WARN]: adam_skrr moved wrongly!
[14:26:03] [Server thread/WARN]: adam_skrr moved wrongly!
[14:26:48] [Server thread/WARN]: adam_skrr moved wrongly!
[14:27:48] [Server thread/INFO]: adam_skrr suffucated in a wall
[14:27:58] [Server thread/INFO]: adam_skrr issued server command: /back
[14:29:08] [Server thread/INFO]: adam_skrr lost connection: Disconnected
[14:29:08] [Server thread/INFO]: adam_skrr left the game
[15:01:04] [Server thread/INFO]: CONSOLE issued server command: /list 
[15:01:04] [Server thread/INFO]: [0;33;22mThere are [0;31;1m0[0;33;22m out of maximum [0;31;1m206[0;33;22m players online.[m
[18:57:32] [User Authenticator #9/INFO]: UUID of player zuziana is f7d99fd6-d9f5-3801-9977-be6918d09797
[18:57:33] [Server thread/INFO]: zuziana[/0:0:0:0:0:0:0:1:26476] logged in with entity id 26643 at ([survival]-1012.1405541491694, 63.5625, 230.80796662895455)
[18:57:40] [Server thread/INFO]: Enough players are sleeping, waking everybody up![m
[19:08:30] [Server thread/INFO]: Enough players are sleeping, waking everybody up![m
[19:12:23] [Server thread/INFO]: zuziana issued server command: /home
[19:13:32] [Server thread/INFO]: zuziana has made the advancement [Ice Bucket Challenge]
[19:16:17] [Server thread/INFO]: zuziana issued server command: /home
[19:16:23] [Server thread/INFO]: zuziana lost connection: Disconnected
[19:16:23] [Server thread/INFO]: zuziana left the game
[20:02:04] [User Authenticator #10/INFO]: UUID of player mackcz is 3a0fa81c-1143-3f81-95ef-21d70b4c4b44
[20:02:05] [Server thread/INFO]: mackcz[/127.0.0.1:28105] logged in with entity id 29040 at ([survival]-727.379677346004, 132.0, -235.69999998807907)
[20:04:01] [User Authenticator #11/INFO]: UUID of player CreepyAmateur is 674b293b-d18f-3b6f-9413-476bd55d8b46
[20:04:03] [Server thread/INFO]: CreepyAmateur[/25.93.248.102:58545] logged in with entity id 29364 at ([survival]269.30000001192093, 89.0, 988.2381218983782)
[20:04:52] [Server thread/INFO]: Enough players are sleeping, waking everybody up![m
[20:05:25] [Server thread/INFO]: mackcz issued server command: /home
[20:05:25] [Server thread/WARN]: mackcz moved too quickly! -37.40738914835117,65.0,-0.15922009081708666
[20:06:11] [Server thread/INFO]: mackcz issued server command: /home
[20:06:38] [Server thread/WARN]: CreepyAmateur moved too quickly! -7.479466103129255,-9.095794609486035,12.74260518510971
[20:07:29] [Server thread/INFO]: mackcz issued server command: /home
[20:07:29] [Server thread/WARN]: mackcz moved too quickly! -35.991609893455575,65.0,-4.560913031731815
[20:09:34] [Server thread/INFO]: mackcz issued server command: /home
[20:09:34] [Server thread/WARN]: mackcz moved too quickly! 41.020677299025124,60.0,-63.19999998807907
[20:10:35] [Server thread/INFO]: CreepyAmateur issued server command: /home mackcz
[20:10:46] [Server thread/INFO]: mackcz issued server command: /home
[20:10:46] [Server thread/WARN]: mackcz moved too quickly! -29.244223141998873,60.0,-57.01304133257901
[20:15:40] [Server thread/INFO]: CreepyAmateur issued server command: /home mackcz
[20:16:00] [Server thread/INFO]: CreepyAmateur issued server command: /home mackcz
[20:17:58] [Server thread/INFO]: Enough players are sleeping, waking everybody up![m
[20:18:45] [Server thread/INFO]: mackcz issued server command: /home
[20:18:45] [Server thread/WARN]: mackcz moved too quickly! 2.6298864130811808,55.0,-219.85494903336627
[20:25:16] [Server thread/INFO]: mackcz issued server command: /home
[20:25:16] [Server thread/WARN]: mackcz moved too quickly! 99.48318861353516,60.0,-62.89919588166907
[20:27:38] [Server thread/INFO]: mackcz issued server command: /home
[20:27:38] [Server thread/WARN]: mackcz moved too quickly! -29.550105363035073,-26.0,6.963567899495587
[20:31:29] [Server thread/INFO]: Enough players are sleeping, waking everybody up![m
[20:39:03] [Server thread/INFO]: mackcz issued server command: /home
[20:41:52] [Server thread/INFO]: CreepyAmateur issued server command: /home mackcz
[20:48:13] [Server thread/INFO]: mackcz issued server command: /home
[20:48:13] [Server thread/WARN]: mackcz moved too quickly! 376.5211891002284,60.0,36.047573014886325
[20:48:35] [Server thread/INFO]: mackcz issued server command: /home
[20:48:35] [Server thread/WARN]: mackcz moved too quickly! -33.61017417270148,65.0,0.07508556324921756
[20:49:50] [Server thread/INFO]: CreepyAmateur issued server command: /home mackcz
[20:49:52] [Server thread/INFO]: mackcz issued server command: /home
[20:49:52] [Server thread/WARN]: mackcz moved too quickly! -33.45361101132596,65.0,-0.19209856311300655
[20:50:05] [Server thread/INFO]: Enough players are sleeping, waking everybody up![m
[20:52:26] [Server thread/INFO]: mackcz issued server command: /home
[20:52:26] [Server thread/WARN]: mackcz moved too quickly! 73.27256610110703,60.0,2.960899369549452
[20:54:37] [Server thread/INFO]: mackcz issued server command: /home
[20:54:37] [Server thread/WARN]: mackcz moved too quickly! -36.629619496661235,65.0,-4.123116126852096
[20:58:15] [Server thread/INFO]: mackcz issued server command: /home
[21:01:23] [Server thread/INFO]: mackcz fell from a high place
[21:01:33] [Server thread/INFO]: mackcz issued server command: /home
[21:01:33] [Server thread/WARN]: mackcz moved too quickly! -1012.2982425118577,-6.0,-1218.705170711259
[21:01:53] [Server thread/INFO]: CreepyAmateur issued server command: /home mackcz
[21:01:56] [Server thread/INFO]: Enough players are sleeping, waking everybody up![m
[21:05:52] [Server thread/INFO]: CreepyAmateur issued server command: /home mackcz
[21:07:40] [Server thread/INFO]: CreepyAmateur issued server command: /home mackcz
[21:07:48] [Server thread/INFO]: mackcz issued server command: /home
[21:07:48] [Server thread/WARN]: mackcz moved too quickly! 275.15419584739334,60.0,3.199999988079071
[21:09:23] [Server thread/INFO]: mackcz issued server command: /home
[21:09:23] [Server thread/WARN]: mackcz moved too quickly! -30.397475284660004,65.0,-8.106548929346047
[21:11:54] [Server thread/INFO]: CreepyAmateur issued server command: /afk
[21:19:30] [Server thread/INFO]: Enough players are sleeping, waking everybody up![m
[21:23:23] [Server thread/INFO]: mackcz issued server command: /home
[21:23:23] [Server thread/WARN]: mackcz moved too quickly! -984.8768707911413,2.0,-1247.0346445722882
[21:23:56] [Server thread/INFO]: mackcz issued server command: /home
[21:23:56] [Server thread/WARN]: mackcz moved too quickly! -26.880477226221046,65.0,-1.1116013202033912
[21:28:49] [Server thread/INFO]: mackcz fell from a high place
[21:31:17] [Server thread/INFO]: CreepyAmateur issued server command: /home mackcz
[21:31:19] [Server thread/INFO]: Enough players are sleeping, waking everybody up![m
[21:35:39] [Server thread/INFO]: CreepyAmateur issued server command: /home mackcz
[21:42:41] [Server thread/INFO]: CreepyAmateur issued server command: /home mackcz
[21:42:44] [Server thread/INFO]: Enough players are sleeping, waking everybody up![m
[21:53:37] [Server thread/INFO]: CreepyAmateur issued server command: /home mackcz
[21:53:40] [Server thread/INFO]: Enough players are sleeping, waking everybody up![m
[21:57:40] [Server thread/INFO]: CreepyAmateur issued server command: /home mackcz
[22:01:32] [Server thread/INFO]: CreepyAmateur issued server command: /afk
[22:07:06] [Server thread/INFO]: CreepyAmateur issued server command: /home mackcz
[22:07:08] [Server thread/INFO]: Enough players are sleeping, waking everybody up![m
[22:13:53] [Server thread/INFO]: CreepyAmateur issued server command: /afk
[22:18:02] [Server thread/INFO]: CreepyAmateur issued server command: /afk
[22:20:20] [Server thread/INFO]: CreepyAmateur issued server command: /afk
[22:25:53] [Server thread/INFO]: Enough players are sleeping, waking everybody up![m
[22:35:59] [Server thread/INFO]: mackcz issued server command: /home
[22:35:59] [Server thread/WARN]: mackcz moved too quickly! -1004.6820705549861,-3.0,-1203.6783001383744
[22:37:17] [Server thread/INFO]: Enough players are sleeping, waking everybody up![m
[22:37:25] [Server thread/INFO]: mackcz issued server command: /home
[22:37:25] [Server thread/WARN]: mackcz moved too quickly! -34.8662351769965,65.0,1.7881786499077066
[22:42:10] [Server thread/INFO]: CreepyAmateur issued server command: /home mackcz
[22:47:02] [Server thread/INFO]: mackcz issued server command: /home
[22:47:03] [Server thread/INFO]: CreepyAmateur issued server command: /home mackcz
[22:47:30] [Server thread/INFO]: CreepyAmateur issued server command: /home mackcz
[22:47:45] [Server thread/INFO]: Enough players are sleeping, waking everybody up![m
[22:49:18] [Server thread/INFO]: CreepyAmateur issued server command: /home mackcz
[22:51:25] [Server thread/INFO]: mackcz issued server command: /home
[22:52:10] [Server thread/INFO]: CreepyAmateur issued server command: /home mackcz
[22:52:29] [Server thread/INFO]: mackcz issued server command: /home
[22:52:29] [Server thread/WARN]: mackcz moved too quickly! -18.37597206298483,65.0,-1.0699167997332495
[22:54:19] [Server thread/WARN]: Can't keep up! Is the server overloaded? Running 29118ms or 582 ticks behind
[22:54:19] [Server thread/WARN]: CreepyAmateur moved too quickly! 22.468226026727606,-3.130880706688089,7.613348933366989
[22:55:16] [Server thread/INFO]: CreepyAmateur issued server command: /home mackcz
[22:56:27] [Server thread/INFO]: CreepyAmateur issued server command: /home mackcz
[22:57:59] [Server thread/INFO]: CreepyAmateur issued server command: /home mackcz
[22:58:49] [Server thread/INFO]: CreepyAmateur issued server command: /home mackcz
